   20.00000      -150.0000       70.00000      -40.00000       2.500000    
   2.500000       45.00000       21.00000    
    257.01    258.73    260.03    258.77    257.66    256.81    256.55    255.84    255.03    254.12    253.69    253.32    252.86
    251.90    251.18    250.51    249.83    249.65    249.84    250.35    249.84    248.87    247.84    247.68    248.05    248.74
    249.97    251.23    252.37    252.56    252.45    252.29    252.35    252.73    253.57    255.16    256.68    258.04    259.46
    262.35    266.06    269.57    270.69    269.30    267.67
    268.00    268.59    268.31    267.28    265.30    262.90    260.95    259.83    259.28    258.58    258.32    258.16    257.43
    255.50    254.17    253.15    252.37    251.57    251.10    250.09    248.72    247.48    246.69    246.14    246.20    247.06
    248.26    248.76    248.50    247.75    246.89    247.59    249.16    250.99    252.38    252.84    254.84    258.13    260.73
    259.50    258.99    263.89    269.66    272.99    271.92
    275.70    278.09    279.66    280.93    280.72    278.19    276.00    274.10    270.58    266.02    262.69    261.98    261.25
    258.51    256.83    255.65    254.15    252.58    251.52    250.45    249.19    247.85    246.71    246.00    245.69    245.47
    244.90    244.49    244.51    244.82    245.25    245.81    246.72    248.02    249.24    251.47    256.73    263.01    265.90
    263.07    257.58    257.80    265.01    270.02    272.05
    282.31    282.26    281.70    281.90    282.78    282.67    281.85    281.75    282.30    281.58    277.23    270.91    266.59
    262.71    259.55    258.11    256.60    254.56    252.64    251.20    250.01    248.52    246.49    244.92    244.45    244.54
    244.43    244.23    244.39    244.74    245.19    244.69    243.42    243.26    243.63    244.91    249.16    255.60    262.24
    265.94    263.76    259.02    260.21    267.76    272.38
    280.52    280.77    280.41    280.00    280.00    280.41    281.49    281.68    280.78    280.32    280.84    279.45    275.25
    270.05    265.74    262.72    259.67    256.56    253.54    250.99    249.28    248.10    247.15    245.66    244.46    244.49
    244.69    245.30    246.10    246.49    247.05    247.25    246.25    245.34    245.44    246.63    250.28    255.86    261.17
    265.31    267.66    268.24    268.21    269.32    271.04
    281.50    281.29    280.81    280.96    281.60    281.09    280.07    279.76    279.54    279.64    280.20    280.59    279.58
    275.10    270.27    266.48    263.10    259.55    255.52    252.61    250.76    248.67    247.39    246.83    246.00    245.37
    245.07    245.62    246.11    247.26    248.93    249.45    249.01    247.80    246.96    248.47    251.78    257.68    263.21
    266.03    267.16    267.87    269.11    270.50    271.67
    281.04    282.64    282.83    281.59    281.76    282.92    283.35    283.69    283.21    282.10    280.24    279.50    280.78
    279.35    275.32    270.50    266.83    263.85    259.99    256.32    253.58    251.33    249.29    247.76    247.45    247.35
    246.85    247.05    247.98    249.85    250.77    249.81    249.72    249.92    249.55    249.87    251.82    257.36    264.12
    267.47    269.16    271.78    274.39    275.57    275.51
    281.55    282.23    283.26    283.15    282.33    282.87    283.66    285.11    285.85    285.90    285.18    283.07    281.74
    282.20    280.78    275.75    270.27    266.70    263.96    260.64    257.45    254.82    251.10    248.44    247.81    247.74
    248.81    250.46    252.47    253.92    253.52    252.81    252.17    251.85    251.27    252.62    258.14    261.35    264.50
    269.89    276.04    281.26    282.53    283.10    283.11
    281.54    281.85    282.75    283.62    283.10    283.38    284.18    285.98    287.44    288.06    288.73    287.36    284.86
    282.87    282.46    281.55    277.37    271.30    265.55    262.43    259.72    256.26    253.80    251.33    251.16    253.21
    253.69    256.42    259.94    258.82    256.84    256.04    255.22    257.04    259.62    263.32    265.66    265.72    267.54
    272.15    278.66    280.90    278.99    281.49    285.65
    282.00    282.63    283.61    284.59    283.70    284.09    284.94    286.13    286.76    287.23    289.33    289.05    286.07
    284.83    282.87    283.43    283.17    277.56    270.38    265.85    262.98    259.13    256.05    256.90    259.34    261.74
    262.53    263.15    263.06    259.66    257.80    258.33    259.47    259.48    261.00    265.03    268.42    269.10    270.08
    271.74    275.26    277.36    278.37    282.46    287.09
    282.87    283.50    284.53    285.50    284.10    284.81    286.07    286.63    286.78    288.49    290.88    291.39    289.03
    287.11    286.96    285.78    284.76    283.12    279.03    274.00    268.39    264.64    262.25    262.74    262.73    264.06
    265.75    267.18    265.97    261.30    259.49    261.23    262.79    263.49    265.21    268.94    273.02    273.33    274.60
    275.73    276.18    277.76    281.75    286.56    290.38
    284.36    284.52    284.94    285.70    284.81    285.98    287.13    287.29    287.44    288.93    290.39    292.43    290.44
    288.24    287.12    286.25    286.09    284.30    282.77    280.00    277.03    273.19    269.50    268.21    269.44    272.57
    271.12    268.60    267.51    268.27    265.86    265.82    268.86    270.62    270.67    272.89    276.22    278.43    278.79
    280.07    280.99    283.03    286.86    290.20    292.42
    285.54    285.34    286.00    286.27    285.75    286.59    287.27    287.32    287.11    288.39    290.17    291.25    292.13
    292.84    290.13    288.75    288.04    286.96    287.32    284.30    284.25    282.72    281.07    280.87    279.55    276.80
    274.20    272.29    271.50    273.20    273.74    273.43    273.08    272.91    274.85    278.12    281.08    283.74    285.28
    286.92    288.25    289.53    291.29    293.19    293.18
    286.77    286.82    287.17    287.09    286.82    286.94    286.87    286.18    287.03    287.95    288.01    289.84    292.05
    292.28    292.53    291.56    292.84    289.83    290.59    292.54    289.98    287.01    285.63    284.83    283.39    280.44
    279.60    278.67    279.79    281.68    281.66    279.31    279.20    280.48    283.29    285.34    286.77    288.04    289.47
    291.26    292.56    293.39    294.27    294.22    293.98
    287.59    287.89    287.84    287.74    287.31    287.15    287.25    288.19    289.02    288.65    290.25    290.65    292.62
    289.27    291.95    296.58    296.43    294.43    296.12    296.99    290.49    290.30    289.41    288.92    287.66    285.82
    285.10    284.86    284.66    284.38    284.98    284.18    284.77    286.40    287.94    288.66    289.32    291.01    292.97
    294.53    295.19    295.40    295.16    294.90    294.51
    288.92    289.43    289.03    288.50    287.82    288.17    289.52    290.18    290.43    290.69    290.49    291.62    292.96
    293.12    294.01    297.12    299.24    299.29    299.39    298.20    295.50    293.65    291.89    290.54    289.52    288.55
    287.73    287.18    288.11    288.57    288.77    288.57    288.51    289.14    290.47    292.17    293.93    295.37    296.28
    296.27    295.71    295.72    295.46    295.21    294.86
    290.68    290.68    290.68    289.83    288.94    289.72    290.49    290.05    291.14    291.05    292.12    292.74    293.41
    293.43    293.22    296.12    299.73    301.65    303.70    301.54    297.00    294.87    292.73    291.30    290.02    289.00
    289.26    290.38    290.64    291.60    292.31    292.75    293.33    294.00    295.02    296.29    297.21    297.34    296.98
    296.33    296.14    295.99    295.47    295.22    295.23
    292.89    292.73    292.11    290.89    290.53    291.10    290.98    291.24    291.86    292.58    293.71    293.97    293.98
    294.16    294.71    295.66    298.47    302.06    307.90    303.08    297.66    295.59    295.08    294.43    293.78    293.83
    293.39    294.82    296.03    296.53    296.41    296.55    297.01    297.41    297.76    298.01    298.01    297.91    297.40
    297.05    296.54    296.46    296.00    295.44    295.13
    294.05    293.74    292.81    292.13    292.13    291.85    291.43    292.36    292.93    293.75    294.16    294.58    295.17
    296.15    295.60    297.73    299.86    304.01    307.89    306.00    302.77    297.32    297.12    296.35    296.10    296.25
    296.17    296.84    297.99    298.13    298.70    298.94    298.93    298.98    299.14    299.09    298.78    298.47    297.70
    297.03    296.79    296.96    296.57    296.31    296.15
    294.59    294.24    293.78    293.31    293.15    292.72    292.50    292.91    293.38    294.30    294.72    295.29    296.20
    296.96    297.95    298.99    299.99    301.45    306.07    311.94    301.85    297.89    298.04    298.19    298.55    298.95
    299.21    299.46    299.31    299.16    299.30    300.11    300.27    300.17    299.70    299.64    299.44    298.87    298.15
    297.64    297.08    296.68    296.33    296.12    295.87
    294.98    294.63    294.53    294.17    294.07    293.80    293.48    294.05    294.51    295.12    295.37    296.07    297.83
    298.83    299.89    299.53    299.99    301.12    304.58    309.73    308.10    300.12    299.12    299.27    301.88    300.77
    300.17    300.27    301.03    300.56    300.16    301.03    300.58    300.32    300.06    300.00    299.95    299.28    298.51
    297.99    297.43    296.97    296.46    295.95    295.53
    407.59    407.49    407.31    407.03    406.75    406.47    406.29    406.30    406.30    406.31    406.41    406.41    406.41
    406.15    405.81    405.47    404.85    404.03    403.02    401.82    400.25    398.77    397.37    396.56    395.86    395.25
    395.11    395.09    395.45    395.91    396.65    397.59    398.71    399.93    401.32    402.62    403.47    404.32    404.79
    405.06    405.06    404.96    404.77    404.40    404.06
    407.22    406.85    406.58    406.51    406.54    406.28    406.11    406.11    406.19    406.37    406.46    406.81    407.17
    407.44    407.62    407.53    407.29    407.14    406.61    405.79    404.80    403.33    401.75    400.50    399.52    398.80
    398.37    398.52    398.78    399.42    400.33    401.63    402.84    404.13    405.34    406.74    407.77    408.53    409.10
    409.21    408.94    408.59    408.24    407.88    407.04
    406.76    406.43    406.07    405.69    405.29    405.02    404.88    404.72    404.64    404.82    405.18    405.54    406.17
    406.71    407.35    408.09    408.76    409.25    409.46    409.39    408.68    407.68    406.48    405.25    404.27    403.47
    403.06    403.02    403.19    403.81    404.71    405.99    407.09    408.10    409.21    410.16    411.19    411.58    411.52
    411.07    410.61    410.28    409.95    409.46    409.13
    406.41    405.76    405.11    404.56    404.06    403.70    403.51    403.43    403.28    403.40    403.59    403.94    404.56
    405.47    406.58    407.94    408.94    409.87    410.64    411.21    411.33    411.07    410.43    409.60    408.76    408.17
    407.95    407.93    408.09    408.52    409.13    409.74    410.24    411.07    412.19    413.10    413.63    414.01    413.83
    413.15    412.24    411.25    410.13    409.10    408.36
    406.56    405.56    404.25    403.23    402.55    401.66    401.44    401.54    400.79    400.52    401.37    402.06    402.95
    403.79    405.28    407.18    408.77    409.77    410.90    412.13    412.97    413.26    413.19    413.02    412.64    412.45
    412.37    412.27    412.31    412.35    412.20    412.32    412.84    413.49    414.23    414.73    414.71    414.26    413.44
    412.53    411.13    410.10    409.56    408.49    407.15
    407.11    405.75    404.39    402.99    402.06    400.89    399.46    398.75    398.16    397.66    398.21    399.21    400.82
    401.99    402.82    404.27    406.13    408.27    410.29    411.68    412.80    414.02    415.05    415.61    415.61    415.54
    415.17    414.86    414.63    414.20    413.86    413.80    414.17    414.79    415.21    415.19    414.93    414.10    413.00
    412.16    411.51    410.48    409.09    407.47    405.60
    407.98    406.53    404.81    402.99    401.64    400.20    398.66    397.08    396.42    396.00    395.94    396.52    397.94
    399.50    401.03    402.43    403.86    405.60    407.74    410.17    412.22    413.81    415.20    416.04    416.27    416.29
    416.09    415.85    415.53    415.19    414.94    414.73    414.62    414.78    414.93    414.83    414.10    413.62    412.97
    412.07    411.16    409.99    408.75    407.33    405.34
    409.23    407.51    405.43    403.81    401.83    400.05    398.35    396.64    395.24    394.38    393.65    393.60    394.73
    396.50    397.92    398.54    399.95    402.54    404.96    407.75    410.28    412.54    413.93    415.13    415.60    415.86
    415.84    415.89    416.04    415.91    415.66    415.13    414.84    414.73    414.62    414.44    413.78    413.32    412.30
    411.09    410.54    409.56    408.19    405.85    403.18
    409.59    407.87    405.60    403.25    401.47    399.60    397.84    396.42    395.14    393.90    392.38    391.83    392.38
    392.75    394.17    396.09    397.53    399.63    401.95    404.46    407.07    409.70    411.90    413.32    414.13    414.67
    415.29    415.83    415.96    415.92    415.51    414.72    414.36    414.46    414.25    413.38    412.52    412.38    411.45
    410.38    410.01    409.19    407.12    404.23    399.95
    409.21    407.49    405.50    402.88    400.52    398.58    396.93    395.79    394.50    393.55    391.93    390.50    389.95
    390.55    390.55    392.00    394.64    396.81    398.86    401.33    403.83    406.05    408.01    410.27    412.18    413.56
    414.73    414.91    415.51    415.17    414.34    413.00    412.58    412.98    412.89    412.06    410.79    410.42    410.09
    408.81    407.38    405.99    403.61    400.39    396.64
    408.01    406.28    404.29    402.21    399.69    397.54    396.26    395.12    393.94    392.81    391.69    390.17    388.87
    388.66    388.71    389.11    390.30    393.16    396.31    397.81    400.44    402.82    405.66    407.26    409.00    410.79
    412.29    412.94    412.48    412.31    411.78    410.35    409.40    410.13    410.12    408.23    406.82    406.39    405.76
    404.25    402.50    401.17    398.57    395.28    390.90
    405.62    404.42    402.51    400.26    398.46    396.60    395.47    394.46    393.21    392.07    390.86    390.01    389.01
    388.45    388.41    388.53    388.37    388.41    390.31    394.45    397.09    398.50    400.81    402.17    403.61    406.02
    406.80    407.75    407.39    407.45    406.90    405.62    404.51    404.31    404.52    404.33    402.71    400.70    398.91
    397.65    395.41    393.71    391.29    387.86    384.79
    401.62    400.96    399.94    398.51    396.57    395.53    394.58    393.96    393.71    392.72    391.83    390.94    389.05
    387.87    386.79    386.36    385.96    384.95    385.34    387.76    392.13    393.95    394.89    396.52    399.29    400.45
    401.17    401.97    400.87    400.46    400.14    400.60    399.28    398.40    397.45    396.01    394.78    393.38    390.97
    388.64    386.83    384.72    382.99    380.95    379.21
    397.62    397.27    396.55    395.63    394.80    394.26    393.85    393.98    394.50    393.62    393.19    391.87    389.77
    387.56    385.95    383.97    382.70    380.33    380.72    382.73    382.96    384.87    387.38    389.74    390.80    391.31
    392.66    393.70    393.22    393.60    393.32    393.29    392.13    390.61    388.68    386.19    384.58    383.52    383.02
    382.83    381.51    379.66    378.15    376.22    375.70
    393.00    392.79    392.60    392.61    392.64    392.76    393.20    394.39    394.95    394.04    393.32    391.55    389.71
    386.14    382.87    380.84    379.84    378.56    377.58    379.48    379.85    379.76    379.99    380.72    380.93    381.91
    383.41    382.88    383.44    383.69    383.79    383.08    381.91    381.21    380.73    379.21    378.64    378.62    378.76
    377.69    376.89    376.45    374.77    374.14    373.90
    387.55    387.73    387.98    389.12    389.69    390.90    392.45    394.09    395.32    395.12    393.63    390.82    387.69
    384.49    380.91    378.71    377.32    376.62    376.66    375.71    375.72    376.09    377.09    377.44    377.64    377.57
    376.92    376.02    376.29    376.57    376.52    376.83    376.64    376.30    375.71    375.69    375.00    375.02    374.36
    373.68    373.31    372.72    372.07    372.39    372.25
    381.71    383.03    383.56    385.02    386.39    388.33    391.16    393.69    395.42    395.21    393.03    389.89    385.54
    382.70    378.67    375.65    374.81    375.07    374.81    372.81    372.72    372.40    373.05    373.83    374.66    374.97
    374.67    374.28    373.77    373.34    373.39    373.53    372.93    372.78    372.61    371.72    371.60    371.28    370.83
    370.80    370.79    370.51    370.75    371.53    371.49
    377.39    378.31    379.12    381.23    383.10    385.27    388.58    392.05    393.94    393.33    391.00    387.53    382.25
    380.62    376.91    373.13    373.89    373.54    372.46    370.36    370.07    369.89    368.43    369.01    370.11    370.77
    371.76    372.41    372.25    372.38    371.82    371.00    370.36    369.97    369.24    368.85    368.88    368.81    368.98
    369.23    369.10    369.22    369.86    371.02    371.24
    373.60    374.40    375.51    377.34    379.14    381.55    384.66    389.01    391.40    390.74    388.37    384.29    378.83
    375.95    373.54    371.15    372.36    372.16    370.46    369.41    367.97    366.81    365.97    366.31    367.30    368.18
    369.33    369.72    369.64    369.57    369.35    369.13    368.63    367.82    367.79    367.89    367.81    368.08    368.40
    368.56    368.39    368.63    369.43    370.41    371.34
    370.46    371.00    372.00    373.65    375.26    377.14    380.06    383.69    386.52    386.78    383.57    378.98    374.50
    371.48    370.63    369.82    370.82    369.54    369.43    368.56    366.61    365.29    364.80    364.64    365.25    366.04
    367.06    367.66    367.75    367.83    367.41    367.18    367.14    367.31    367.31    367.37    367.45    367.79    367.97
    368.09    367.57    367.98    368.83    370.07    371.93
    367.17    368.09    369.09    370.45    371.51    372.40    374.67    377.21    379.67    379.32    375.62    372.67    370.07
    369.73    368.06    368.92    368.67    367.68    367.30    367.13    366.11    365.36    364.81    364.64    364.97    365.69
    365.98    366.16    366.46    366.33    366.12    366.45    366.62    366.99    367.32    367.22    366.97    366.79    366.72
    366.64    366.87    367.55    368.57    369.65    372.31
   9999.90   9999.90   9999.90   9999.90   9999.90   9999.90   9999.90   9999.90   9999.90   9999.90   9999.90   9999.90   9999.90
   9999.90   9999.90   9999.90   9999.90   9999.90   9999.90   9999.90   9999.90   9999.90   9999.90   9999.90   9999.90   9999.90
   9999.90   9999.90   9999.90   9999.90   9999.90   9999.90   9999.90   9999.90   9999.90   9999.90   9999.90   9999.90   9999.90
   9999.90   9999.90   9999.90   9999.90   9999.90   9999.90
   9999.90     92.60     98.87    120.90    138.16    128.64    109.17     98.32    105.77    119.42    125.12    123.77    113.07
    108.87    112.86    125.37    142.05    154.33    153.31    144.80    128.34     99.90     82.44     81.71     85.88     89.08
     88.14     85.10     79.49     72.94     64.73     55.85     52.39     49.42     44.17     44.64     47.26     41.63     29.67
     36.48     60.03     60.32     51.31     42.21   9999.90
   9999.90     50.43     47.26     46.13     48.06     57.14     57.57     61.52     76.51     93.91    104.47    104.40    102.85
    106.77    100.65    102.69    116.03    127.31    125.61    118.58    104.16     86.29     83.36     89.72     94.93     93.95
     93.05     90.10     85.02     78.41     69.06     57.70     47.44     38.32     40.78     58.07     49.08     18.02      8.19
     19.29     45.75     52.47     39.23     35.52   9999.90
   9999.90     31.68     32.68     27.57     32.86     49.77     56.60     51.33     41.50     35.69     58.47    101.47    102.59
     94.95    106.59    103.21     99.35    100.08     99.49     99.73     96.07     91.82     94.19     98.64     97.08     88.90
     85.38     93.05    100.08    100.32     93.50     98.62    117.33    117.95    109.34    109.58     84.29     31.66      2.66
      6.66     17.61     29.86     54.05     62.44   9999.90
   9999.90     47.68     48.55     47.35     54.31     68.45     64.15     51.20     54.03     56.65     58.46     73.04     80.77
     74.05     75.84     79.41     81.44     87.62     91.76     91.04     90.54     96.57     98.05     99.02     96.70     86.27
     90.51    105.52    106.80    100.66     88.71     82.16     99.62    120.78    114.59     91.63     68.67     38.12     12.55
      1.62     -0.64      3.17     13.80     22.88   9999.90
   9999.90     63.26     61.55     62.19     59.55     56.45     67.70     72.15     67.61     66.02     65.06     60.50     54.24
     66.79     74.48     60.20     59.18     76.64     98.26     99.85     87.17     90.35     94.80     82.80     80.80     86.81
    102.26    118.98    121.05    102.28     77.84     73.33     81.19     91.83    103.39    102.54     80.63     34.71      7.84
      8.60     13.19     17.72     20.04     24.20   9999.90
   9999.90     74.50     60.39     57.46     61.23     57.53     60.28     77.47     86.79     74.09     75.27     78.28     56.57
     42.37     45.88     55.95     60.18     59.07     71.36     94.49    102.73     89.48     86.36     80.02     64.73     62.74
     78.55     95.17    100.08     80.33     67.56     76.05     75.49     72.72     86.66     92.53     70.76     42.38     21.36
     16.94     16.66     27.34     49.19     57.29   9999.90
   9999.90     56.57     59.06     51.85     58.31     54.08     46.28     52.67     72.56     77.80     67.00     55.87     56.78
     46.43     32.27     37.37     54.14     62.76     62.19     69.70     88.07     78.42     68.97     72.93     69.59     64.75
     63.83     72.63     74.73     63.21     59.78     62.86     70.17     71.83     77.10     73.07     49.59     43.39     29.41
     26.33     62.86     67.21     51.12     55.83   9999.90
   9999.90     39.12     45.66     44.41     53.27     55.77     47.37     48.92     59.89     73.19     65.83     59.41     44.78
     49.42     48.26     30.47     14.80     32.50     64.59     72.10     80.99     76.61     62.16     71.16     61.15     39.05
     56.09     63.56     38.24     37.08     46.01     47.36     47.06     36.51     44.30     35.40     25.48     32.18     22.46
     36.82     90.79     90.09     54.42     13.82   9999.90
   9999.90     35.53     36.28     36.31     49.38     60.03     54.23     60.06     77.64     79.16     69.89     69.24     52.07
     48.75     52.46     43.68     22.59      4.41     26.19     64.60     61.71     56.86     68.11     64.85     28.83     10.57
     23.65     36.13     37.24     48.63     53.85     44.18     26.61     32.06     61.00     46.85     17.78     19.44     30.11
     35.86     51.49     66.41     35.43      3.02   9999.90
   9999.90     29.47     30.96     34.35     47.22     54.11     56.04     62.59     75.40     85.78     87.75     67.72     49.12
     43.75     46.49     40.99     35.82     18.77      6.20     12.81     30.79     30.17     46.44     41.21     13.61     17.56
     24.76     34.79     42.04     49.76     57.41     46.84     36.35     54.57     75.05     57.94     23.81     16.68     13.17
     14.46     19.44     23.35     14.94     15.65   9999.90
   9999.90     28.72     34.94     40.68     43.73     49.04     56.18     59.78     69.27     84.54     60.03     40.55     49.50
     47.89     48.04     40.14     34.55     38.23     18.22     -2.05      4.26     18.78     23.20     25.49     25.76     38.66
     38.65     36.77     46.09     28.35     28.24     45.35     46.79     39.42     48.12     43.56     33.70     16.72     12.24
     10.25      6.64     10.55     17.00     27.11   9999.90
   9999.90     36.73     43.22     46.24     46.78     44.44     49.22     62.35     73.56     57.54     30.96     29.92     31.29
     30.81     43.43     41.46     30.53     31.02     23.72     11.96      7.89      0.57     -0.27     -1.66      5.56     24.14
     29.91     28.49     26.59     32.25     18.44      7.64     32.73     48.83     39.22     29.54     19.89     15.42     16.25
     11.83     10.03      8.83     29.86     43.54   9999.90
   9999.90     43.01     42.96     43.90     46.83     44.28     44.78     57.90     55.31     41.22     46.59     30.27     22.78
     26.05     24.93     26.39     22.45     28.45     35.27     25.69     17.99     10.69      8.82      6.92      3.32     13.37
     16.99     11.48      4.21      2.98      0.23     12.01     16.28     21.11     17.52     14.72     15.51     18.82     21.88
     19.71     20.89     33.65     36.34     27.89   9999.90
   9999.90     36.95     34.82     41.91     46.24     41.65     42.69     47.19     40.21     42.19     41.85     33.92     19.44
     34.71     29.47     16.14     16.40     19.81     28.77     26.37     32.10     25.67     25.80     14.45      7.80      6.90
      8.03     13.42     13.32     21.70     22.43     24.79     24.32     22.85     23.10     24.71     26.02     24.84     23.66
     26.27     26.24     23.94     25.70     23.99   9999.90
   9999.90     30.35     32.06     40.64     43.26     39.25     39.08     33.54     40.09     43.48     38.09     27.83     30.91
     30.15     23.27     18.81     15.72     18.66     19.22     17.19     31.80     39.63     30.20     25.07     21.07     23.74
     24.86     23.52     24.55     31.54     37.57     28.99     21.50     20.03     25.00     26.81     27.00     28.53     23.53
     17.43     22.21     28.74     24.68     19.40   9999.90
   9999.90     25.21     31.60     38.22     37.50     35.16     30.27     29.66     37.35     43.48     33.39     22.92     27.77
     27.88     35.34     28.39     14.71     12.22     11.58     16.82     26.88     37.40     31.79     21.10     35.85     52.67
     48.29     38.84     35.14     32.08     28.22     26.01     24.42     24.82     24.46     23.24     23.01     16.24     15.72
     29.08     40.98     32.51     20.44     19.12   9999.90
   9999.90     25.24     34.41     34.68     29.61     30.55     26.32     24.34     31.99     33.47     26.78     22.98     29.21
     29.25     23.72     24.50     18.19     15.43     14.94     19.43     30.83     31.28     20.37     27.47     33.86     36.29
     39.71     33.73     29.89     24.51     18.04     19.81     22.66     20.88     16.52     18.07     21.65     23.36     26.30
     35.52     37.88     32.64     25.85     21.42   9999.90
   9999.90     27.55     33.25     32.27     29.08     26.78     27.85     29.07     37.27     35.40     23.59     26.26     29.98
     21.50     11.04     11.61     19.23     12.40     15.27     24.08     29.48     26.30     14.31     22.78     24.23     20.87
     18.06     22.32     24.57     19.01     19.46     19.80     16.35     13.40     14.16     21.62     25.52     24.77     25.11
     31.67     30.93     31.21     29.60     25.63   9999.90
   9999.90     28.45     28.52     28.10     25.52     23.59     24.69     27.33     32.46     27.91     25.97     32.35     34.64
     16.36      8.32     25.08     25.78     16.72     15.39     17.99     32.16     35.95     22.02     12.97     11.71     15.03
     13.46     12.97     12.70     16.32     22.05     22.56     18.38     18.84     24.43     23.52     21.15     22.25     25.81
     24.96     23.16     23.77     26.77     28.56   9999.90
   9999.90   9999.90   9999.90   9999.90   9999.90   9999.90   9999.90   9999.90   9999.90   9999.90   9999.90   9999.90   9999.90
   9999.90   9999.90   9999.90   9999.90   9999.90   9999.90   9999.90   9999.90   9999.90   9999.90   9999.90   9999.90   9999.90
   9999.90   9999.90   9999.90   9999.90   9999.90   9999.90   9999.90   9999.90   9999.90   9999.90   9999.90   9999.90   9999.90
   9999.90   9999.90   9999.90   9999.90   9999.90   9999.90
   9999.90   9999.90   9999.90   9999.90   9999.90   9999.90   9999.90   9999.90   9999.90   9999.90   9999.90   9999.90   9999.90
   9999.90   9999.90   9999.90   9999.90   9999.90   9999.90   9999.90   9999.90   9999.90   9999.90   9999.90   9999.90   9999.90
   9999.90   9999.90   9999.90   9999.90   9999.90   9999.90   9999.90   9999.90   9999.90   9999.90   9999.90   9999.90   9999.90
   9999.90   9999.90   9999.90   9999.90   9999.90   9999.90
   9999.90     61.28     49.00     44.58     53.54     62.91     64.05     60.73     61.10     68.98     75.64     79.04     74.28
     69.66     70.10     75.14     82.95    100.77    111.40    101.97     90.27     96.53     99.09     81.06     67.81     70.71
     84.14     87.24     83.08     77.98     78.44     87.97     90.88     79.86     57.75     31.70     17.46     16.92     28.66
     52.83     63.84     44.00     27.34     20.66   9999.90
   9999.90     50.27     46.61     45.65     50.08     53.19     54.50     56.56     57.68     56.21     51.94     55.51     72.57
     82.53     76.52     68.09     69.96     85.01    101.71     99.65     92.61    100.11     98.56     95.24    101.01    110.93
    118.07    124.11    124.20    109.69     88.71     72.32     72.06     89.26    101.29     85.88     54.41     26.17     15.72
     25.14     58.68     71.81     45.54     47.07   9999.90
   9999.90     40.43     39.66     44.20     45.45     43.44     41.93     38.72     36.63     36.34     42.22     56.68     57.84
     56.18     70.12     76.06     68.12     71.52     89.27     99.46    105.29    116.90    119.49    112.12    109.50    116.69
    130.56    132.62    121.09    121.94    127.51    119.95    124.54    143.29    149.97    153.34    151.12    112.44     55.10
     31.45     39.23     60.33     87.28    120.90   9999.90
   9999.90     49.25     51.78     47.86     43.88     46.35     47.42     49.04     48.16     46.82     54.52     60.52     49.53
     37.06     47.76     65.46     70.08     69.50     85.41    115.17    131.16    139.78    140.02    128.11    121.31    129.90
    141.08    140.53    147.67    158.78    149.27    133.14    129.53    131.01    126.01    111.09    104.07     98.86     69.30
     47.04     50.84     61.37     72.16     79.59   9999.90
   9999.90     53.65     59.91     57.29     42.94     44.98     57.98     58.80     51.58     48.40     58.11     56.79     44.63
     49.82     61.24     59.71     64.07     75.58     92.29    120.46    138.50    135.75    129.99    122.43    110.42    115.29
    133.33    139.62    145.75    140.83    121.11    104.34     90.12     89.61     95.07     89.80     84.00     72.18     53.37
     51.46     56.18     51.75     47.58     52.68   9999.90
   9999.90     56.53     48.91     56.83     53.80     42.68     39.61     37.05     44.72     50.97     52.67     61.85     60.41
     58.82     63.97     65.15     57.83     62.91     76.29    102.33    140.68    142.78    119.75     99.49     81.63     87.16
    117.79    133.45    121.31     98.05     87.05     94.20     96.59     86.17     79.87     79.38     67.21     51.63     59.42
     64.07     52.83     58.34     74.16     78.89   9999.90
   9999.90     52.22     49.48     50.88     52.83     42.43     34.24     32.28     30.45     43.21     53.80     46.63     52.36
     46.77     38.98     52.58     52.00     49.12     58.92     74.10    109.93    131.75    113.07     83.28     83.11    117.79
    126.65    107.70     87.49     69.87     64.97     75.28     87.16     79.87     73.90     70.58     53.86     57.29     68.60
     58.94     76.02     96.65    103.23     92.90   9999.90
   9999.90     47.15     41.19     45.52     51.54     43.38     33.04     27.95     22.64     25.59     33.54     29.88     30.62
     53.52     48.29     28.34     33.98     52.96     65.06     60.05     66.86     89.55     93.19     89.03    118.67    121.97
     88.88     75.60     70.06     72.44     71.92     64.60     55.61     50.13     61.98     61.37     38.21     45.85     60.86
     75.29    123.41    180.43    183.43    118.03   9999.90
   9999.90     43.94     41.49     44.37     52.65     40.74     31.33     33.54     40.69     44.61     44.44     48.37     44.75
     52.82     66.27     44.47     26.98     30.65     46.74     54.06     51.98     62.17     81.02     90.54    100.60     88.23
     80.71     77.66     63.56     70.45     66.79     46.47     33.06     33.14     48.83     57.35     47.12     34.53     30.67
     54.35     97.59    137.93    133.86     83.09   9999.90
   9999.90     37.83     35.86     40.04     51.99     36.09     29.16     41.26     57.34     50.93     38.10     37.62     42.24
     52.41     62.56     56.01     33.40     17.80     17.80     39.38     45.30     35.36     55.96     84.58    106.65     85.00
     55.34     53.70     57.75     66.79     77.88     70.89     43.27     40.18     48.10     54.57     43.12     31.43     27.92
     36.75     56.09     71.15     64.16     53.58   9999.90
   9999.90     36.09     38.96     38.02     42.49     34.08     31.48     43.09     52.23     51.94     42.41     37.80     47.60
     51.29     47.81     48.00     44.85     44.12     18.22     10.29     25.29     33.67     49.76     76.12     76.87     44.85
     21.50     26.16     54.29     59.51     62.09     56.62     46.38     47.41     48.93     52.02     45.32     32.26     27.89
     31.80     31.73     34.36     41.06     48.01   9999.90
   9999.90     38.25     41.66     36.84     35.11     31.09     32.73     39.52     51.28     39.62     31.89     49.40     52.04
     40.33     41.09     48.03     42.76     37.75     20.29      6.70     27.93     32.47     27.54     25.04     27.92     39.03
     43.55     45.58     61.72     66.42     54.64     41.70     44.44     56.69     54.20     47.31     39.00     31.91     31.53
     35.38     39.47     36.38     35.73     44.28   9999.90
   9999.90     35.06     36.67     32.20     35.81     31.78     38.42     52.12     45.70     54.18     60.74     48.52     41.81
     37.44     42.43     40.75     28.74     36.06     37.76     18.76     18.24     21.73     14.38     18.02     26.80     33.04
     40.52     46.99     43.80     36.38     44.11     59.56     58.99     58.59     49.51     40.36     39.55     45.24     49.49
     45.97     35.35     31.94     40.57     42.59   9999.90
   9999.90     40.11     35.75     29.50     38.37     44.21     45.74     36.65     53.62     65.63     48.44     44.92     36.00
     35.07     40.23     31.97     25.87     23.60     33.57     32.75     29.34     30.29     34.99     26.37     21.88     24.82
     26.40     33.72     34.07     32.38     32.66     44.97     46.21     43.47     47.71     52.69     53.61     43.75     32.63
     24.87     26.29     34.32     36.59     28.21   9999.90
   9999.90     34.94     31.64     31.56     37.97     46.28     40.72     43.81     55.37     58.85     49.05     41.35     36.51
     31.16     27.64     25.72     22.72     32.07     30.45     34.59     38.30     45.77     52.50     39.35     28.99     30.49
     29.78     31.19     29.83     32.56     40.84     47.39     46.78     39.48     33.75     30.85     21.58     19.13     19.97
     30.68     39.50     30.88     22.88     24.07   9999.90
   9999.90     24.91     25.50     31.21     35.04     35.06     35.16     61.58     54.77     54.87     46.58     37.54     42.39
     30.76     21.73     22.27     26.20     27.95     20.81     19.06     22.62     28.87     29.46     26.12     32.17     40.70
     44.68     41.88     38.40     35.42     31.04     28.76     28.70     32.54     28.84     17.73     15.47     22.62     31.00
     33.14     26.72     23.73     21.74     23.87   9999.90
   9999.90     23.59     28.07     26.93     29.30     31.82     41.57     50.85     50.76     53.62     45.59     38.98     34.60
     20.02     19.90     33.39     29.94     16.09      5.91     10.09     16.06     22.14     20.66     18.07     25.55     28.98
     28.88     26.69     22.19     17.28     13.28     17.62     23.86     29.32     28.70     22.78     26.78     26.90     23.44
     20.99     22.72     22.00     20.14     22.25   9999.90
   9999.90     27.15     26.93     26.86     28.17     32.89     47.42     51.60     59.34     53.60     43.59     42.10     30.27
     35.56     24.21     14.81     15.54     11.39      9.81     14.27     21.76     22.98     18.36     16.18     16.80     18.44
     16.54     17.00     17.54     15.76     18.47     26.09     27.86     21.27     20.03     22.03     23.48     22.35     22.36
     24.70     25.91     22.64     19.45     19.66   9999.90
   9999.90     25.39     26.01     29.74     27.74     32.86     46.25     46.31     47.02     47.14     42.23     39.20     36.41
     40.83     17.02     12.05     25.46     17.96      8.35     13.32     27.00     28.57     19.41     13.63     12.69     12.02
     11.91     15.88     20.25     26.27     36.25     32.90     16.14     11.80     17.15     20.77     22.84     25.05     25.55
     25.78     24.74     23.54     22.35     20.34   9999.90
   9999.90   9999.90   9999.90   9999.90   9999.90   9999.90   9999.90   9999.90   9999.90   9999.90   9999.90   9999.90   9999.90
   9999.90   9999.90   9999.90   9999.90   9999.90   9999.90   9999.90   9999.90   9999.90   9999.90   9999.90   9999.90   9999.90
   9999.90   9999.90   9999.90   9999.90   9999.90   9999.90   9999.90   9999.90   9999.90   9999.90   9999.90   9999.90   9999.90
   9999.90   9999.90   9999.90   9999.90   9999.90   9999.90
   9999.90   9999.90   9999.90   9999.90   9999.90   9999.90   9999.90   9999.90   9999.90   9999.90   9999.90   9999.90   9999.90
   9999.90   9999.90   9999.90   9999.90   9999.90   9999.90   9999.90   9999.90   9999.90   9999.90   9999.90   9999.90   9999.90
   9999.90   9999.90   9999.90   9999.90   9999.90   9999.90   9999.90   9999.90   9999.90   9999.90   9999.90   9999.90   9999.90
   9999.90   9999.90   9999.90   9999.90   9999.90   9999.90
   9999.90     67.92     50.09     45.24     42.91     38.58     35.69     38.98     50.04     64.74     80.12     96.06    106.61
     99.16     88.70     82.35     78.30     68.12     61.35     65.81     88.94    135.89    142.71    105.13     81.35     88.89
    118.66    148.68    180.50    210.89    227.44    229.73    217.65    194.25    159.84    126.21    110.04    111.26    115.23
    109.49     80.92     54.41     38.02     33.19   9999.90
   9999.90     51.80     44.94     39.67     41.58     44.78     43.84     38.86     34.51     34.30     35.89     38.77     56.22
     87.76     99.72     91.04     83.43     77.12     65.85     64.82     98.96    147.54    144.43    116.31    110.60    140.14
    183.78    222.21    243.84    245.54    236.82    230.06    231.84    242.79    247.82    216.88    162.74    128.10    121.59
    130.95    140.39    140.87    135.39    139.84   9999.90
   9999.90     50.55     48.60     46.60     43.36     37.39     33.71     34.80     37.51     38.47     42.81     47.45     38.76
     37.14     59.86     84.67     85.55     78.67     70.55     72.24    102.85    144.79    157.45    145.39    151.53    195.52
    257.32    275.02    230.15    185.88    169.34    149.87    125.88    120.05    133.14    158.12    168.91    147.86    125.32
    126.95    145.05    158.75    160.71    163.62   9999.90
   9999.90     45.24     42.52     34.11     31.13     26.51     21.39     23.62     34.94     45.48     45.19     51.85     63.72
     50.89     41.26     57.93     72.08     70.10     72.76     71.68     99.14    156.54    184.47    175.06    179.57    218.36
    252.55    236.61    187.64    146.18    117.68     94.04     82.67     78.91     80.74     90.19    101.37    119.18    142.46
    133.04    103.26     90.80     84.16     75.45   9999.90
   9999.90     52.99     53.91     39.46     23.48     18.10     17.11     19.85     25.66     32.71     42.17     57.06     66.25
     56.56     42.49     46.24     53.60     58.76     69.84     64.25     72.97    122.78    164.17    175.24    177.86    183.64
    194.40    181.73    136.02     94.61     78.68     78.38     80.00     84.05     78.12     70.24     98.09    132.42    100.47
     67.01     75.75     83.90     75.93     73.13   9999.90
   9999.90     69.68     78.63     67.16     36.77     23.73     25.67     29.03     30.29     28.56     26.90     35.06     54.01
     61.18     54.07     49.66     42.02     43.44     72.17     73.62     54.50     74.81    113.22    136.44    147.07    162.83
    158.38    116.59     81.30     82.15    106.26    123.92    112.17     89.09     73.44     84.67    113.04     84.23     68.13
     99.22    101.90     83.27     77.88     69.78   9999.90
   9999.90     53.68     56.77     67.35     51.14     30.26     32.26     36.12     31.67     26.75     27.19     30.51     35.21
     40.95     47.22     47.39     40.04     45.59     72.53     82.12     60.02     68.48     87.84    106.32    137.87    167.91
    128.46     83.50     91.92    106.27    103.54    114.98    133.20    113.65     77.05     98.97    109.74     56.67     70.81
     99.46    104.21    144.36    161.28    117.86   9999.90
   9999.90     57.13     63.86     63.59     49.07     35.38     34.45     31.35     33.11     36.97     33.86     26.50     30.49
     43.66     46.66     32.66     24.15     44.39     72.58     77.69     60.39     63.43     74.48     92.02    157.75    190.30
    122.91     95.82    111.12    110.19     87.46     68.86     78.79    110.56    111.97    117.13    118.41     66.89     57.85
     93.55    152.22    221.89    261.41    234.50   9999.90
   9999.90     57.42     71.57     70.10     51.92     37.07     35.55     30.99     29.03     27.62     34.21     34.65     24.69
     30.33     46.33     35.34     23.10     45.12     75.02     73.01     50.17     49.22     74.31    106.52    185.59    210.84
    179.08    124.55     91.69     74.36     65.20     59.21     50.93     47.95     63.79     98.05    125.29    108.99     72.27
     73.51    119.53    177.31    232.77    157.17   9999.90
   9999.90     51.83     58.95     61.98     46.66     32.17     38.91     55.07     47.70     28.36     14.26     18.59     28.47
     21.67     27.95     40.34     39.04     36.38     48.44     71.86     60.07     54.77     86.29    140.65    229.86    211.80
    134.56     82.47     82.15     70.41     62.66     73.10     63.25     44.44     33.39     34.73     59.54     82.58     92.70
     99.03    113.58    119.91     93.38     45.09   9999.90
   9999.90     47.22     45.09     50.06     37.48     28.05     33.76     60.23     73.33     48.03     26.47     22.47     29.55
     27.23     27.45     29.29     30.77     33.06     36.54     47.08     54.25     50.49     66.00    105.76    133.84     89.65
     43.58     38.37     69.43     92.08     89.54     78.51     60.24     43.96     33.37     29.13     36.60     47.96     53.25
     57.28     54.93     45.42     29.74     20.53   9999.90
   9999.90     40.02     40.71     41.61     29.52     25.10     34.85     46.38     36.23     34.37     54.03     62.87     64.74
     60.09     55.20     52.66     43.77     38.25     33.74     37.37     37.21     41.69     43.38     40.97     51.33     53.71
     41.86     40.37     52.70     65.48     81.20     70.20     54.81     45.20     40.92     35.75     26.77     17.98     19.81
     32.55     50.40     44.62     23.16     30.38   9999.90
   9999.90     32.19     34.48     39.76     27.18     22.55     31.23     27.86     35.29     79.82     84.90     65.47     43.32
     45.26     41.60     49.70     56.31     58.61     47.45     34.01     32.94     36.24     38.68     38.46     37.11     41.73
     43.71     44.41     55.84     62.77     59.15     47.98     45.00     50.07     50.90     40.12     32.80     31.69     30.97
     35.44     31.97     25.25     33.29     37.93   9999.90
   9999.90     35.04     34.36     39.31     29.70     23.50     26.09     43.02     81.37     74.69     49.82     40.89     35.35
     33.81     23.63     28.60     38.71     32.08     29.19     31.81     39.53     46.69     42.50     41.48     51.78     56.90
     55.69     50.36     47.48     39.49     42.76     54.39     57.31     52.70     40.67     35.15     37.38     36.03     28.93
     22.49     23.99     27.79     22.97     20.33   9999.90
   9999.90     33.19     31.69     32.33     31.95     27.67     35.98     65.06     64.26     51.32     43.77     41.33     47.99
     49.83     48.91     34.73     26.21     18.66     30.74     49.15     53.51     46.72     48.47     52.61     44.49     42.15
     46.35     53.13     53.02     43.84     45.59     50.10     51.60     48.66     36.17     21.73     22.57     24.21     23.28
     25.18     20.80     14.18      9.93      9.62   9999.90
   9999.90     24.53     18.83     20.80     28.06     32.80     46.12     60.30     56.94     58.39     55.41     48.10     48.86
     36.04     15.07     15.81     27.88     45.27     51.23     55.85     48.79     37.59     44.14     47.93     43.33     36.06
     32.72     35.48     38.56     36.88     37.33     40.50     33.84     25.59     23.52     20.00     17.74     16.65     14.35
     14.08     14.73     14.13     12.26     13.78   9999.90
   9999.90     21.41     15.80     15.25     22.86     37.24     53.92     60.90     61.03     63.34     66.70     52.86     34.39
      6.40     12.63     25.16     39.87     46.27     21.58     16.09      8.93     15.05     25.85     31.09     28.53     24.56
     25.22     28.53     30.89     27.80     22.61     20.50     20.38     21.89     24.78     22.17     18.85     16.68     12.90
     11.75     14.77     16.74     16.53     21.58   9999.90
   9999.90     18.26     18.25     17.69     22.00     40.45     51.04     41.50     40.28     50.50     66.32     47.73      8.04
     21.56     69.69     48.41     25.21     10.17      2.42      2.11      2.18      3.06      9.87     21.41     23.81     22.72
     21.40     23.92     22.72     18.19     17.57     17.72     17.20     26.80     28.72     25.26     20.50     14.40     11.11
     11.48     16.42     19.58     21.90     24.41   9999.90
   9999.90     18.18     17.85     19.74     20.69     38.86     58.87     40.73     44.96     70.65     57.21     30.91     13.74
     59.67     56.63      6.91      0.38      7.31      5.32      3.34      3.64      3.73     10.92     17.22     22.83     24.54
     24.91     18.69     17.05     20.92     20.89     22.16     29.98     28.18     25.29     21.84     12.78      8.27      9.78
     12.85     17.32     21.92     23.67     17.19   9999.90
   9999.90   9999.90   9999.90   9999.90   9999.90   9999.90   9999.90   9999.90   9999.90   9999.90   9999.90   9999.90   9999.90
   9999.90   9999.90   9999.90   9999.90   9999.90   9999.90   9999.90   9999.90   9999.90   9999.90   9999.90   9999.90   9999.90
   9999.90   9999.90   9999.90   9999.90   9999.90   9999.90   9999.90   9999.90   9999.90   9999.90   9999.90   9999.90   9999.90
   9999.90   9999.90   9999.90   9999.90   9999.90   9999.90
   9999.90   9999.90   9999.90   9999.90   9999.90   9999.90   9999.90   9999.90   9999.90   9999.90   9999.90   9999.90   9999.90
   9999.90   9999.90   9999.90   9999.90   9999.90   9999.90   9999.90   9999.90   9999.90   9999.90   9999.90   9999.90   9999.90
   9999.90   9999.90   9999.90   9999.90   9999.90   9999.90   9999.90   9999.90   9999.90   9999.90   9999.90   9999.90   9999.90
   9999.90   9999.90   9999.90   9999.90   9999.90   9999.90
   9999.90    180.16    155.82    133.01    110.79     96.62     88.45     89.24    104.19    118.92    134.73    157.31    187.92
    205.25    205.70    203.66    199.54    162.86     99.62     68.80     94.40    202.01    276.14    247.21    216.60    224.01
    267.70    312.46    353.12    382.01    375.29    348.18    331.58    320.29    309.38    298.52    295.23    302.94    316.66
    320.89    294.32    255.67    220.17    190.56   9999.90
   9999.90     52.08     46.80     45.15     40.80     39.97     36.21     38.66     56.09     75.11     80.80     82.24     95.73
    122.09    146.15    165.89    191.60    201.47    154.40     79.16    115.34    252.05    318.20    285.32    240.56    247.55
    301.07    361.91    399.54    424.58    436.39    435.03    422.25    405.32    394.05    389.23    381.37    370.74    363.78
    364.71    372.57    382.24    383.38    382.87   9999.90
   9999.90     30.70     27.45     24.94     28.93     34.45     36.57     36.21     39.08     44.85     41.03     28.95     34.29
     65.88     98.04    121.46    140.00    177.05    179.40    117.54    110.03    212.21    319.38    328.05    301.75    330.92
    409.99    456.00    412.18    355.36    311.17    265.40    237.29    233.98    255.55    293.19    314.87    315.61    327.49
    333.69    314.05    261.72    193.22    153.48   9999.90
   9999.90     34.58     35.19     29.24     20.82     18.65     21.51     30.31     42.42     55.66     49.82     33.13     33.38
     39.32     58.61     77.97     81.92    110.38    176.39    162.95    104.46    164.08    297.67    345.59    345.71    375.22
    406.00    393.84    329.91    246.07    175.94    143.07    136.44    137.15    150.94    174.67    226.94    293.74    264.45
    163.23     97.98     81.25     82.99     77.91   9999.90
   9999.90    103.68     96.73     61.82     20.51      6.80     11.02     25.11     41.30     53.93     62.68     67.30     62.63
     40.36     23.59     41.12     61.71     81.30    137.14    154.31     98.36    127.46    265.70    362.44    354.72    326.72
    323.25    306.38    232.87    168.05    146.64    132.81    108.62    109.28    122.79    155.32    251.72    233.39    104.56
     52.86     65.77     81.70     89.64     91.33   9999.90
   9999.90    140.33    145.10    105.30     45.82     15.19     13.38     23.37     32.61     39.62     47.42     51.30     52.59
     47.42     26.48     16.18     41.00     76.32    134.56    158.32     78.06     59.75    174.89    319.42    353.06    339.69
    294.35    207.56    155.18    175.20    246.29    257.63    169.77    114.29    138.19    222.39    243.08    108.63     49.21
     91.04    123.77    122.91    115.38     94.32   9999.90
   9999.90     62.59     61.94     62.42     48.07     31.97     32.28     40.19     35.07     26.71     24.53     22.59     27.91
     38.98     39.40     26.05     29.97     83.77    148.18    157.05     76.40     34.33    107.15    259.60    369.36    367.58
    263.42    183.12    185.61    221.89    241.91    256.92    267.45    210.80    177.82    249.10    248.07    118.31     70.41
    113.25    215.62    332.85    356.79    260.64   9999.90
   9999.90     47.05     54.21     45.87     34.37     32.37     42.37     40.78     33.61     34.19     33.06     27.02     26.74
     34.67     41.01     27.90     23.37     76.83    165.39    176.16    111.60     59.51     99.40    239.85    361.10    364.74
    273.46    199.34    188.12    195.83    174.81    140.24    158.97    222.14    257.58    281.52    286.75    193.41    115.58
    134.03    240.42    337.02    417.52    336.94   9999.90
   9999.90     66.95     58.20     38.04     31.20     28.56     48.77     52.37     29.84     20.63     22.27     23.28     11.41
     11.79     29.01     16.61      2.96     48.94    150.58    182.85    121.59     93.37    153.27    249.29    350.37    370.50
    306.63    223.21    173.85    157.49    138.58    102.95     80.33     97.01    149.46    198.79    248.47    273.84    260.78
    243.22    269.41    363.65    404.62    196.58   9999.90
   9999.90     77.76     52.16     33.63     31.82     30.86     47.63     71.51     55.50     32.26     22.64     23.26     23.24
      7.21      3.44     23.16     31.19     34.13     58.85    115.90    148.72    133.33    167.45    275.05    367.76    387.71
    345.90    266.69    243.01    211.46    164.22    128.38    115.45    118.67    123.06    135.25    172.58    229.17    262.20
    269.05    267.11    237.56    137.04     38.05   9999.90
   9999.90     57.17     37.29     35.50     35.32     33.63     39.67     43.38     52.82     44.03     35.25     35.08     36.87
     35.22     28.89     24.29     19.62     21.64     30.33     49.86     71.04    112.11    161.30    226.80    264.96    260.63
    225.38    165.20    163.47    183.71    204.68    231.03    236.97    201.84    164.36    138.78    124.27    117.39    109.13
     92.56     72.47     49.43     28.48      5.65   9999.90
   9999.90     40.46     39.88     41.22     37.86     34.05     36.95     39.69     37.24     35.36     41.75     57.49     60.15
     54.40     50.66     53.00     47.22     42.56     38.72     43.72     43.92     55.72     94.75    139.52    144.01    102.25
     54.91     47.99     45.08     45.10     73.66     99.40    123.26    140.25    125.64     97.63     65.06     30.77     18.86
     20.72     26.28     25.79     15.05     16.04   9999.90
   9999.90     45.69     51.61     44.15     38.87     31.54     33.32     40.56     49.89     62.39     63.93     47.61     38.12
     32.74     37.81     46.66     50.76     47.66     48.21     47.32     37.37     39.84     35.61     32.53     49.37     58.11
     59.17     57.32     43.03     36.58     23.48     15.91     40.05     67.52     68.26     46.01     22.37      9.28     10.20
     18.26     27.67     26.72     19.40     24.01   9999.90
   9999.90     54.72     51.79     45.79     41.22     30.86     30.43     41.99     52.56     60.28     52.25     23.43     31.27
     35.87     26.34     32.49     39.69     38.88     31.85     29.72     22.73     20.73     28.75     31.89     29.58     26.49
     32.69     41.10     35.11     28.26     32.54     38.22     40.04     41.73     32.71     20.08     19.21     22.84     19.26
     19.31     17.06     14.68     12.06     18.10   9999.90
   9999.90     43.01     45.89     48.20     38.97     38.12     36.13     36.49     57.30     53.35     20.61     35.03     41.93
     41.34     34.00     28.22     25.15     20.04     36.43     45.42     45.24     38.86     33.29     31.07     25.85     25.80
     23.22     25.80     30.16     29.77     30.32     34.37     29.98     20.29     11.20      7.04     17.69     24.65     20.83
     12.85      9.29      6.08      7.00     13.63   9999.90
   9999.90     19.52     27.30     43.18     39.43     43.81     38.22     23.62     40.00     98.66     61.79     44.24     36.39
      8.78     -4.20     -5.31      8.98     27.06     46.40     44.27     38.47     32.60     35.16     34.08     38.11     37.03
     30.74     23.22     18.91     21.11     20.52     19.49     15.59     10.47      7.34      7.02     11.52     15.47     15.00
     12.23      8.48      6.88      9.80     20.11   9999.90
   9999.90      9.15      8.89     26.92     37.68     50.25     41.93     23.47     27.64     61.46     60.57     49.55     11.50
     -5.50     -0.59     22.82     43.54     45.78     36.16     29.47     19.52     22.10     33.05     33.69     30.49     28.66
     29.16     25.68     26.63     22.65     15.59     13.71     11.12     14.69     17.99     16.62     16.69     16.10     14.80
     11.94     10.30     13.63     19.83     31.24   9999.90
   9999.90      6.55      6.99     17.49     29.84     62.84     65.11     29.00     14.85     27.09     72.08     43.84    -13.61
     -6.78     62.56     74.50     63.04     33.86     13.53     15.38     11.88     13.99     22.75     30.93     32.58     29.66
     27.11     25.71     24.87     21.62     14.19     10.05     19.32     30.14     26.73     22.45     16.54     11.99     10.36
      9.37     12.56     23.05     28.76     23.87   9999.90
   9999.90     12.49     10.86     13.35     21.91     56.81    103.85     65.92     46.56    102.21     84.31     22.14      0.52
     20.10     62.15     50.54     16.16      4.00      3.91      2.24      3.25      9.64     20.78     25.22     30.72     30.25
     26.82     22.09      9.62      9.23     14.22     20.09     39.19     34.64     21.22     13.25      5.70      3.76      5.85
      8.65     17.82     28.19     22.88     12.24   9999.90
   9999.90   9999.90   9999.90   9999.90   9999.90   9999.90   9999.90   9999.90   9999.90   9999.90   9999.90   9999.90   9999.90
   9999.90   9999.90   9999.90   9999.90   9999.90   9999.90   9999.90   9999.90   9999.90   9999.90   9999.90   9999.90   9999.90
   9999.90   9999.90   9999.90   9999.90   9999.90   9999.90   9999.90   9999.90   9999.90   9999.90   9999.90   9999.90   9999.90
   9999.90   9999.90   9999.90   9999.90   9999.90   9999.90
   9999.90   9999.90   9999.90   9999.90   9999.90   9999.90   9999.90   9999.90   9999.90   9999.90   9999.90   9999.90   9999.90
   9999.90   9999.90   9999.90   9999.90   9999.90   9999.90   9999.90   9999.90   9999.90   9999.90   9999.90   9999.90   9999.90
   9999.90   9999.90   9999.90   9999.90   9999.90   9999.90   9999.90   9999.90   9999.90   9999.90   9999.90   9999.90   9999.90
   9999.90   9999.90   9999.90   9999.90   9999.90   9999.90
   9999.90    306.47    319.28    322.82    312.07    304.64    304.92    301.89    302.17    313.49    328.28    342.43    360.71
    384.68    403.13    415.11    426.01    405.87    334.52    261.17    242.72    353.55    493.92    517.43    520.39    532.48
    535.24    514.46    510.90    520.21    527.31    526.49    520.53    509.33    498.09    488.54    497.70    516.23    533.33
    543.85    544.38    528.30    501.21    479.48   9999.90
   9999.90    168.07    150.93    140.46    121.52    104.19     95.66    108.60    155.64    228.76    301.88    331.18    316.12
    299.02    309.24    339.31    375.29    404.44    388.39    309.93    295.24    436.66    567.72    570.87    521.94    510.81
    526.61    539.57    559.30    592.55    626.86    651.00    641.17    600.97    547.01    511.57    509.26    539.86    570.58
    586.58    603.75    629.02    619.91    614.61   9999.90
   9999.90     63.34     49.55     40.47     36.74     39.48     41.64     42.90     50.01     51.21     49.15     86.94    183.34
    297.84    335.98    297.62    283.28    335.02    385.14    353.23    318.40    403.64    565.56    611.17    557.14    541.42
    554.03    573.92    588.95    587.00    573.92    542.90    505.40    473.40    478.47    508.90    520.76    550.36    613.57
    609.84    489.82    348.09    259.15    226.01   9999.90
   9999.90     74.99     39.67     33.48     39.94     37.47     33.70     44.18     59.74     52.96     26.36     15.06     22.45
     62.31    181.22    269.49    234.81    240.29    347.72    382.17    285.90    306.58    516.40    639.07    610.48    579.96
    568.81    587.71    585.29    536.91    459.87    400.63    387.35    393.20    402.80    425.74    494.60    590.98    533.28
    328.10    166.54    133.06    165.02    138.36   9999.90
   9999.90    233.85    165.24     87.97     39.84     34.80     43.10     53.49     72.84     82.31     65.44     52.03     35.10
      4.51     24.59    147.37    248.53    243.10    295.05    360.24    270.17    254.70    460.08    645.53    664.71    597.01
    542.86    535.07    496.33    445.06    400.21    346.41    313.86    330.35    371.39    408.58    507.59    472.69    275.95
    173.21    157.14    144.88    148.55    156.65   9999.90
   9999.90    276.03    234.09    168.42     98.69     50.73     33.26     27.83     30.66     41.63     51.32     60.34     61.20
     35.80      0.86     39.90    187.33    286.37    323.91    380.98    297.98    204.36    332.47    571.96    625.45    575.19
    522.12    448.40    404.56    395.78    397.52    366.87    320.67    322.20    405.55    512.24    520.39    351.02    209.04
    197.55    251.00    324.84    310.79    253.94   9999.90
   9999.90    194.80    154.65    124.24     91.80     68.75     35.58     18.48     17.90     18.47     17.54     23.15     36.52
     48.54     38.16     19.55     90.62    271.49    365.20    355.80    292.84    178.86    214.55    455.65    601.77    592.68
    504.68    433.43    422.40    431.07    414.63    374.06    379.17    391.77    420.05    499.17    498.08    358.48    215.91
    252.57    459.51    628.98    643.91    513.46   9999.90
   9999.90    192.86    119.73     58.40     40.47     63.27     55.86     34.44     28.29     27.42     23.08     22.12     26.79
     38.89     54.49     46.90     57.91    206.77    382.21    368.11    303.56    211.32    228.59    453.48    589.27    582.09
    518.83    470.04    420.18    412.07    402.75    353.08    349.73    412.40    469.13    489.00    484.69    463.96    428.07
    419.44    545.05    689.63    749.41    517.42   9999.90
   9999.90    260.63    149.06     43.93     18.13     45.25     93.19    104.83     59.86     40.47     40.93     47.28     32.94
     14.33     19.92     28.96     31.22     75.57    261.93    407.53    348.00    279.53    329.20    505.07    584.34    584.59
    524.74    474.02    414.83    402.38    408.48    355.55    333.42    387.61    415.91    426.25    496.86    545.64    564.76
    586.52    610.61    661.47    637.06    354.49   9999.90
   9999.90    248.50    150.69     45.63     18.78     43.71     79.49    101.87     94.77     62.56     49.85     56.64     66.03
     36.21      6.90      1.48      9.74     18.61     46.77    239.35    443.80    382.45    331.51    462.72    577.92    584.63
    547.76    502.21    520.42    494.77    415.60    386.90    406.05    416.59    444.34    489.28    507.65    521.22    528.16
    528.83    518.22    464.78    313.53    132.52   9999.90
   9999.90    166.07    116.28     50.65     27.95     44.62     46.15     26.14     35.27     47.36     42.83     40.96     49.57
     61.77     68.86     50.03     26.10     16.41     21.49     66.50    183.13    323.87    406.29    457.58    533.41    557.30
    513.10    426.84    413.24    433.11    444.27    491.49    553.79    531.90    508.17    485.83    429.63    385.56    342.20
    267.88    205.63    142.33     84.96     27.77   9999.90
   9999.90    119.83    107.96     62.01     38.12     53.90     40.76     21.85     25.32     36.00     30.27     28.19     25.52
     39.03     49.27     47.63     62.53     73.81     65.91     56.47     51.16     70.80    157.23    294.79    350.13    356.80
    319.95    281.61    294.79    327.92    326.40    311.44    363.02    388.40    378.03    316.10    214.95    114.34     61.19
     34.90     20.79     21.40     25.82     21.27   9999.90
   9999.90    116.34    119.66     77.49     51.42     67.66     56.03     41.90     29.28     28.39     51.17     72.91    101.92
     82.78     57.05     76.61     94.54     73.75     62.02     51.08     31.65     26.33     25.92     49.23     78.78     68.64
     65.96     92.57    118.53    152.30    167.34    180.12    204.04    183.71    120.77     67.59     27.46      4.73      2.58
      6.46     12.28     18.95     28.12     32.16   9999.90
   9999.90    135.64    132.37     95.13     69.58     86.50     63.68     34.92     38.17    131.00    214.77    131.00     90.27
     83.97     63.50     63.50     54.12     21.33     13.42     22.20     22.23     21.04     13.84      5.25      9.71     18.30
     31.85     25.18     13.41     21.92     44.38     55.91     49.88     32.45     19.06      8.86      5.17      7.13      9.43
      8.70      9.15     18.90     27.57     31.75   9999.90
   9999.90    112.20    121.97    117.56     97.01    113.62     73.17     35.22    131.72    261.12    142.14     96.82     95.90
     61.76      4.32     -4.13     -3.93      0.66     19.27     29.65     31.90     22.49     17.37     22.32     25.18     22.23
     18.02     18.82     14.27      6.04      6.16     11.84     15.12      9.51      3.67      4.32      9.71     15.53     19.53
     18.37     14.37     14.68     17.40     26.25   9999.90
   9999.90     67.02     79.91     94.07    108.97    128.94     84.19     40.82    169.72    375.56    202.65    150.01     76.85
    -19.54    -29.01    -26.50     -3.56     20.30     31.24     29.15     22.64     17.75     17.66     24.41     31.47     30.53
     15.58     15.06     16.75      9.87     11.05     13.81     11.28      6.36      8.14     10.64     12.48     15.22     15.10
      9.89      5.14      6.59     17.31     34.23   9999.90
   9999.90     23.16     22.51     39.38     73.28    137.75    126.13     77.97     96.15    193.28    197.00    130.98      2.82
    -42.31     -9.59     22.15     30.73     25.68     27.53     30.64     22.99     29.70     31.85     24.63     20.91     24.27
     26.76     20.93     15.31     12.91     18.55     25.25     22.93     15.43     10.17      9.36      9.34      8.51      7.95
      5.41      4.74      9.42     19.12     30.14   9999.90
   9999.90      2.90     -2.54      4.40     46.96    135.86    197.51    153.60     99.74    127.74    191.71     72.69    -23.66
    -22.77     27.71     45.41     55.64     44.11     24.82     30.50     31.67     33.50     32.80     28.84     32.12     34.05
     30.61     28.95     31.52     37.03     42.73     37.60     23.78     15.01     14.01     16.11     13.93      8.93      7.39
     10.52     11.83     15.57     18.40     18.19   9999.90
   9999.90      5.49      6.58      8.15     32.50     96.53    211.69    242.86    206.62    262.05    209.64     42.49    -26.56
    -18.20     31.59     41.56     41.21     33.86     28.55     25.16     22.94     20.59     20.55     27.87     33.77     29.86
     31.95     36.86     28.92     31.45     29.32     14.78     16.91     28.73     34.25     22.53     16.63     18.04     15.88
     20.37     25.01     21.40     15.28     10.17   9999.90
   9999.90   9999.90   9999.90   9999.90   9999.90   9999.90   9999.90   9999.90   9999.90   9999.90   9999.90   9999.90   9999.90
   9999.90   9999.90   9999.90   9999.90   9999.90   9999.90   9999.90   9999.90   9999.90   9999.90   9999.90   9999.90   9999.90
   9999.90   9999.90   9999.90   9999.90   9999.90   9999.90   9999.90   9999.90   9999.90   9999.90   9999.90   9999.90   9999.90
   9999.90   9999.90   9999.90   9999.90   9999.90   9999.90
   9999.90   9999.90   9999.90   9999.90   9999.90   9999.90   9999.90   9999.90   9999.90   9999.90   9999.90   9999.90   9999.90
   9999.90   9999.90   9999.90   9999.90   9999.90   9999.90   9999.90   9999.90   9999.90   9999.90   9999.90   9999.90   9999.90
   9999.90   9999.90   9999.90   9999.90   9999.90   9999.90   9999.90   9999.90   9999.90   9999.90   9999.90   9999.90   9999.90
   9999.90   9999.90   9999.90   9999.90   9999.90   9999.90
   9999.90    485.86    538.23    595.52    619.44    629.03    630.67    611.40    582.46    574.88    582.67    605.38    640.68
    660.53    656.99    656.56    678.72    706.65    694.81    642.73    586.85    609.36    707.54    744.70    746.08    743.82
    732.93    696.80    679.34    687.19    700.89    705.36    712.98    716.33    708.81    685.45    673.49    677.08    681.77
    688.92    706.98    728.73    747.67    753.08   9999.90
   9999.90    508.79    499.58    490.58    436.37    361.05    334.91    374.74    463.14    564.78    642.87    650.85    613.71
    601.28    631.23    667.06    671.84    665.51    672.65    681.33    660.60    685.46    743.37    769.61    763.49    757.05
    743.03    692.47    678.51    712.97    752.21    776.42    768.77    734.41    689.59    677.23    690.71    712.87    735.34
    734.35    705.60    697.47    741.12    772.10   9999.90
   9999.90    372.87    230.84    178.47    158.12    129.71    113.10    123.14    154.86    189.11    241.34    356.27    528.85
    661.56    681.15    634.75    625.04    645.93    658.35    668.92    684.90    709.52    764.75    809.00    798.96    752.26
    698.29    678.47    713.98    759.38    778.60    768.29    728.98    679.91    647.61    651.57    698.37    739.88    756.81
    748.54    710.10    663.42    604.64    523.31   9999.90
   9999.90    266.69    114.81    108.80    141.95    131.01    115.72    132.89    141.77     82.56     46.38     91.13    171.00
    300.43    512.72    655.25    615.26    588.88    639.99    654.78    621.85    651.70    749.44    827.35    820.84    772.12
    731.54    736.64    752.00    753.45    730.98    712.89    720.94    725.89    707.87    698.91    697.11    706.97    706.32
    603.74    457.29    419.52    425.72    342.65   9999.90
   9999.90    463.66    352.56    236.69    162.51    171.24    206.28    193.54    166.80    132.69     98.23     81.67     50.37
     47.72    186.97    483.96    671.54    618.64    610.34    648.46    607.16    613.82    721.02    829.43    854.30    781.11
    716.69    707.78    724.81    733.81    720.42    715.89    740.63    757.27    746.30    690.26    654.91    686.28    615.62
    493.50    454.41    407.51    350.07    306.32   9999.90
   9999.90    554.55    490.66    431.63    332.62    217.69    186.76    188.56    148.77    121.71    114.67    110.05     85.31
     23.48     23.78    230.85    582.92    726.02    689.86    700.39    682.02    629.63    673.76    776.12    783.76    714.64
    680.75    691.60    705.92    699.33    666.04    649.38    655.27    675.27    726.30    741.87    743.80    709.64    589.13
    524.48    587.39    610.02    582.13    551.46   9999.90
   9999.90    533.04    440.86    397.29    370.36    289.61    176.72     94.26     57.82     47.90     49.92     86.41    134.83
    109.66     44.68     57.29    329.41    662.95    671.21    648.63    719.88    664.87    600.26    664.17    717.85    701.97
    670.03    669.48    660.35    652.83    641.15    605.69    615.40    674.23    702.42    708.23    743.55    714.71    631.82
    655.29    715.06    810.80    808.60    693.88   9999.90
   9999.90    585.88    420.25    285.07    256.57    260.78    201.39    117.74     87.66     91.32     92.30     91.33     94.70
    111.64    110.62     88.27    163.68    471.77    681.73    628.25    685.05    662.81    584.41    658.29    723.10    690.67
    667.94    704.31    678.78    653.40    666.21    652.16    661.97    701.35    711.54    695.17    675.94    708.87    744.42
    788.27    820.91    853.30    806.71    593.90   9999.90
   9999.90    670.44    480.56    278.22    194.56    231.29    288.67    296.60    226.18    180.48    190.46    173.62    116.48
     66.18     63.47     96.86    112.09    187.89    481.23    734.70    761.03    734.05    670.65    704.53    715.17    723.37
    691.49    714.31    719.97    747.00    757.56    695.16    685.63    734.82    685.78    684.93    729.75    726.08    689.20
    673.25    708.58    751.59    752.59    579.23   9999.90
   9999.90    623.58    495.00    279.28    179.64    232.10    259.46    250.33    260.48    201.79    151.37    151.95    182.60
    153.38     98.07     69.31     48.78     31.48    115.49    505.68    821.68    776.74    721.40    736.99    757.69    772.35
    727.93    695.13    718.55    787.86    765.01    770.19    758.13    751.15    746.58    770.67    767.26    694.17    682.26
    721.97    734.46    687.59    562.57    379.75   9999.90
   9999.90    464.69    410.30    276.84    193.73    214.71    142.43     93.17    131.66    124.93     80.94     65.16     63.35
     76.18     89.07    103.02     99.26     90.07     99.54    199.80    359.88    504.84    681.22    750.38    768.60    770.56
    733.85    730.18    700.75    695.68    706.99    746.81    759.15    696.87    694.32    719.04    701.73    683.75    659.73
    572.94    478.38    389.15    284.27    157.87   9999.90
   9999.90    382.29    361.54    274.60    204.88    203.06    154.11     90.41     57.79     64.64     67.47     65.32     90.22
    115.66    114.97    122.23    155.80    178.85    168.28    121.88    104.12    121.60    194.17    349.52    512.68    683.06
    758.08    787.23    792.74    732.16    679.84    685.03    721.21    663.72    605.23    515.06    392.65    279.16    195.68
    145.57    108.39     93.41    100.35    101.56   9999.90
   9999.90    374.96    354.47    303.42    239.37    247.76    199.38    108.14     82.79    113.90    241.50    370.32    352.08
    289.10    296.17    291.23    282.63    184.67     72.36     34.09     19.71     22.98     32.90     77.49    133.28    197.42
    276.67    351.02    430.23    497.13    544.03    509.50    414.91    288.35    199.88    137.41     76.67     36.13     22.02
     15.30     15.93     30.64     63.97     86.03   9999.90
   9999.90    346.52    357.29    350.20    312.78    311.88    239.44    167.80    194.77    430.46    654.21    540.34    434.44
    362.40    275.60    156.73     75.65      4.63    -18.18      2.08     12.47     32.64     33.68     26.87     32.89     56.82
     69.82     70.60    107.24    158.66    203.94    175.94    118.36     53.47     20.20     13.48     13.21     16.28     17.86
     14.14     11.63     24.14     45.31     58.04   9999.90
   9999.90    267.37    318.23    387.44    393.09    378.20    304.10    274.29    474.85    733.23    611.69    441.59    367.79
    181.57      9.63    -16.37    -26.16     -7.68     19.86     17.00     10.85     11.65     15.84     18.77     25.53     33.61
     26.92     22.06     20.93     23.28     34.27     25.73     18.24     19.49     17.41      8.59      7.91     15.74     28.21
     28.47     21.82     19.85     26.02     31.67   9999.90
   9999.90    134.17    172.67    262.73    370.69    406.08    366.49    342.92    596.23    740.45    571.83    540.03    284.10
     -8.19    -40.99    -29.88    -15.39     10.72     25.14     24.65     30.77     19.83      9.50     23.31     34.67     34.27
     20.72     19.85     16.86     13.45     16.49     16.84     25.33     23.69     12.90      6.70     10.83     19.14     22.57
     15.37      9.19     18.08     31.00     34.37   9999.90
   9999.90     65.89     67.25     82.56    173.30    355.77    443.04    434.56    518.67    598.37    636.36    472.93     84.81
    -37.87    -11.32     -1.38      8.62     29.32     29.38     30.69     41.46     60.73     41.64     35.44     39.70     47.70
     41.82     29.49     20.58     16.06     34.49     55.10     44.82     24.15     15.38     14.96     13.18     14.36     17.57
     15.83     12.53     16.71     24.90     30.34   9999.90
   9999.90     19.51     20.92     25.50     65.24    237.25    450.12    524.74    484.20    547.80    577.01    301.74     10.01
    -37.56      9.44     26.26     25.73     35.30     23.94     37.48     53.83     76.57     53.51     26.40     44.37     59.92
     51.41     47.59     40.20     34.67     47.09     52.64     37.00     21.59     16.38     29.97     36.02     23.92     19.79
     22.56     21.51     20.74     22.14     18.14   9999.90
   9999.90     11.59     26.39     32.52     44.28    103.36    285.02    517.60    587.96    599.68    513.56    201.08     -2.79
    -25.57     19.20     29.04     21.85     22.35     34.09     45.75     51.53     53.14     36.90     29.31     36.65     37.77
     33.51     33.65     29.32     29.24     33.97     22.42     24.92     39.92     50.80     53.25     53.59     38.63     24.79
     27.09     26.21     32.49     23.88      4.54   9999.90
   9999.90   9999.90   9999.90   9999.90   9999.90   9999.90   9999.90   9999.90   9999.90   9999.90   9999.90   9999.90   9999.90
   9999.90   9999.90   9999.90   9999.90   9999.90   9999.90   9999.90   9999.90   9999.90   9999.90   9999.90   9999.90   9999.90
   9999.90   9999.90   9999.90   9999.90   9999.90   9999.90   9999.90   9999.90   9999.90   9999.90   9999.90   9999.90   9999.90
   9999.90   9999.90   9999.90   9999.90   9999.90   9999.90
   9999.90   9999.90   9999.90   9999.90   9999.90   9999.90   9999.90   9999.90   9999.90   9999.90   9999.90   9999.90   9999.90
   9999.90   9999.90   9999.90   9999.90   9999.90   9999.90   9999.90   9999.90   9999.90   9999.90   9999.90   9999.90   9999.90
   9999.90   9999.90   9999.90   9999.90   9999.90   9999.90   9999.90   9999.90   9999.90   9999.90   9999.90   9999.90   9999.90
   9999.90   9999.90   9999.90   9999.90   9999.90   9999.90
   9999.90    651.74    661.01    664.00    658.21    651.59    646.04    637.68    632.57    644.12    672.85    715.80    766.45
    788.89    785.82    791.92    810.80    837.83    853.23    857.60    857.59    810.11    767.73    784.55    821.61    825.78
    801.27    807.43    821.63    820.17    827.44    854.91    877.86    879.74    866.81    858.69    867.48    877.29    876.61
    852.74    848.51    876.51    908.08    910.95   9999.90
   9999.90    642.01    659.32    655.57    605.29    533.27    522.77    579.13    632.78    664.68    663.64    656.45    671.01
    719.95    769.84    794.67    800.41    810.02    845.47    892.86    896.03    853.14    803.95    794.72    824.95    847.38
    817.82    783.90    774.10    786.10    812.38    839.72    853.72    826.86    802.85    818.21    844.41    845.16    842.17
    851.18    845.30    804.85    785.43    803.61   9999.90
   9999.90    632.37    546.67    532.99    555.39    533.43    463.83    403.73    400.07    455.51    546.17    628.36    667.99
    678.97    695.68    750.39    805.78    821.56    836.14    870.71    891.00    879.33    836.07    808.70    827.81    839.75
    804.90    771.51    780.24    800.34    816.08    826.32    815.60    794.41    791.69    802.22    816.89    855.88    902.51
    911.75    881.40    887.93    912.40    845.52   9999.90
   9999.90    570.88    521.43    513.07    474.41    452.54    494.32    517.14    431.60    324.13    327.77    427.92    531.37
    604.20    653.60    669.83    720.50    812.40    857.91    857.39    876.24    896.90    865.71    840.06    860.72    857.46
    817.21    802.28    811.85    817.27    818.45    811.11    796.09    806.24    832.89    836.09    834.96    856.40    845.81
    799.14    769.17    784.51    785.49    701.19   9999.90
   9999.90    564.07    529.49    504.31    494.94    515.13    540.60    532.17    475.45    410.66    358.83    284.34    268.11
    346.37    512.43    689.84    723.70    735.16    811.64    844.15    846.44    883.65    898.11    881.33    865.76    841.33
    807.21    804.90    812.78    806.76    790.84    782.41    791.67    811.45    836.26    840.72    809.99    795.00    795.10
    788.75    736.17    629.97    564.15    584.88   9999.90
   9999.90    616.32    583.89    593.76    583.49    543.14    535.69    539.11    511.93    469.16    481.91    452.14    295.84
    209.29    345.15    604.80    781.12    763.28    772.70    833.15    849.48    882.18    914.12    897.03    851.35    807.53
    787.35    805.60    831.67    827.38    787.44    762.96    750.22    753.07    769.37    766.44    777.29    803.98    785.20
    761.37    703.47    659.27    721.25    718.57   9999.90
   9999.90    657.21    608.32    601.46    609.86    544.08    466.86    432.01    408.71    394.69    367.05    436.20    527.71
    435.34    322.38    346.75    573.26    740.57    695.83    754.05    857.99    888.45    889.55    852.22    837.08    813.17
    790.52    794.59    798.03    786.73    776.20    791.17    783.08    782.28    776.50    754.04    779.93    797.53    767.30
    760.24    728.41    675.43    646.50    615.02   9999.90
   9999.90    747.61    671.56    584.33    539.84    494.17    449.46    426.92    377.89    356.80    384.56    406.12    418.64
    401.54    362.97    343.65    423.64    579.80    681.20    699.15    822.04    859.00    861.34    873.67    875.59    820.47
    794.61    816.17    827.01    816.11    812.32    826.32    843.70    826.53    772.44    758.38    792.01    814.94    796.80
    760.98    761.18    745.79    687.98    656.67   9999.90
   9999.90    810.31    769.16    667.14    559.53    483.28    464.17    505.95    511.10    468.06    457.63    440.15    356.98
    285.81    310.70    371.30    415.87    474.92    605.88    725.10    777.67    809.47    806.14    803.85    845.39    906.44
    890.66    892.91    934.19    969.15    956.19    910.39    865.25    826.01    797.54    797.97    799.75    747.49    699.50
    726.02    777.17    783.64    765.71    748.07   9999.90
   9999.90    785.35    754.16    690.04    600.78    533.55    473.32    456.19    499.70    492.43    412.29    367.22    365.30
    396.40    374.13    317.82    273.00    404.82    518.83    605.32    686.96    699.49    757.15    778.33    798.00    886.20
    876.36    869.22    897.28    955.86    970.64    931.06    850.66    801.31    766.38    760.04    755.00    725.83    715.34
    715.57    707.05    715.24    742.07    695.97   9999.90
   9999.90    726.18    685.49    622.42    594.09    533.37    419.11    349.58    378.86    409.59    358.55    289.83    307.67
    333.00    310.84    311.23    338.54    367.40    400.10    486.03    666.79    708.66    678.24    680.18    695.55    708.65
    736.09    742.92    743.59    778.88    773.71    745.00    702.89    692.29    732.79    745.35    740.88    742.87    722.84
    691.63    648.07    638.29    572.92    452.46   9999.90
   9999.90    649.83    646.91    581.97    570.28    523.62    420.11    353.67    389.82    382.74    367.59    415.88    418.12
    392.17    428.30    503.46    548.87    560.81    570.63    480.53    434.73    445.79    455.53    530.28    634.06    657.66
    736.19    797.61    790.26    702.39    679.63    751.57    732.00    749.97    768.07    726.39    641.87    525.60    422.58
    361.19    328.50    301.26    281.40    233.13   9999.90
   9999.90    614.71    602.25    554.69    572.27    551.13    457.44    424.56    440.93    429.93    571.71    671.67    568.90
    563.64    621.65    632.30    579.00    518.33    292.17    215.72    219.69    272.03    327.85    384.41    419.92    447.25
    455.63    518.01    551.81    586.12    710.44    699.60    587.40    485.24    416.23    358.19    282.86    203.08    151.90
    109.76     89.14     94.53    122.11    142.86   9999.90
   9999.90    510.06    546.61    568.92    594.99    587.09    506.83    504.31    550.74    554.02    677.07    700.44    662.57
    588.13    528.35    323.48    160.24     59.25      2.91     57.65     92.92    155.54    213.21    259.24    270.22    259.80
    237.34    257.27    279.84    311.72    350.95    311.26    258.48    183.38    105.40     64.60     70.30     88.06     84.08
     59.30     42.57     56.72     86.34    121.97   9999.90
   9999.90    303.15    366.33    489.10    577.62    586.68    597.36    623.73    649.35    639.36    679.54    661.61    580.10
    390.95    162.37      1.79    -40.99    -41.34     13.44     12.50     14.32     58.45    124.52    179.80    196.86    171.80
    138.53    132.00    113.64    125.88    155.79    109.53     86.39    123.19    120.67     63.10     36.31     52.62     57.18
     41.42     29.54     31.26     48.21     69.27   9999.90
   9999.90    129.88    164.85    245.29    395.67    524.23    616.04    692.37    755.02    706.15    691.78    710.77    473.98
    125.26    -30.43    -54.68    -37.21      1.29     43.34     38.49     38.75     31.23     52.81    113.99    127.92     92.27
     83.43    100.47    102.48    104.68     94.17     82.51    102.14     89.07     54.01     30.69     26.73     24.94     27.70
     25.99     22.63     29.69     43.78     41.76   9999.90
   9999.90     27.29     35.51     72.07    142.28    344.53    554.79    686.22    787.90    764.54    734.60    676.78    282.04
     31.65    -29.51    -24.14     17.56     45.84     39.57     45.15     59.37     67.33     46.87     72.67    128.31    151.08
    126.95     84.82     72.86     75.89     73.57     69.63     53.64     39.12     32.29     24.04     16.62     22.35     34.41
     33.75     29.15     30.09     39.78     36.24   9999.90
   9999.90      1.43     19.31     37.06     45.15    141.28    377.27    618.30    723.96    732.72    698.05    485.75    142.42
     11.74      7.72     13.32      6.28     32.44     46.26     47.25     50.76     59.59     41.20     34.09     85.46    121.05
     90.54     64.24     45.73     20.28     29.01     42.96     36.13     27.83     24.71     39.06     47.60     42.62     39.81
     40.84     43.80     33.26     24.92     22.14   9999.90
   9999.90      8.67     28.57     32.80     34.86     49.77    136.68    367.92    600.75    657.34    550.50    309.52     45.51
      0.59     28.48     52.74     43.95     25.88     28.72     28.28     37.71     50.63     37.61     23.19     23.95     26.39
     19.52     25.49     29.69     27.60     21.91     13.36     26.38     51.80     57.54     56.68     52.13     48.35     38.64
     31.70     28.35     32.14     25.97     18.73   9999.90
   9999.90   9999.90   9999.90   9999.90   9999.90   9999.90   9999.90   9999.90   9999.90   9999.90   9999.90   9999.90   9999.90
   9999.90   9999.90   9999.90   9999.90   9999.90   9999.90   9999.90   9999.90   9999.90   9999.90   9999.90   9999.90   9999.90
   9999.90   9999.90   9999.90   9999.90   9999.90   9999.90   9999.90   9999.90   9999.90   9999.90   9999.90   9999.90   9999.90
   9999.90   9999.90   9999.90   9999.90   9999.90   9999.90
   9999.90   9999.90   9999.90   9999.90   9999.90   9999.90   9999.90   9999.90   9999.90   9999.90   9999.90   9999.90   9999.90
   9999.90   9999.90   9999.90   9999.90   9999.90   9999.90   9999.90   9999.90   9999.90   9999.90   9999.90   9999.90   9999.90
   9999.90   9999.90   9999.90   9999.90   9999.90   9999.90   9999.90   9999.90   9999.90   9999.90   9999.90   9999.90   9999.90
   9999.90   9999.90   9999.90   9999.90   9999.90   9999.90
   9999.90    814.67    828.54    829.81    816.10    805.11    801.98    822.01    851.17    881.61    899.72    909.71    910.07
    918.10    956.33   1001.37   1047.78   1110.13   1170.33   1211.48   1238.12   1255.26   1226.82   1164.29   1105.51   1063.55
   1040.44   1049.12   1063.47   1065.62   1061.74   1078.66   1086.68   1087.41   1084.83   1109.08   1135.14   1151.94   1164.04
   1171.08   1170.65   1169.23   1162.65   1139.05   9999.90
   9999.90    797.79    773.85    758.13    771.27    799.79    811.22    782.53    766.81    780.91    801.85    830.72    877.02
    901.62    901.35    911.99    960.04   1040.12   1144.39   1221.92   1279.02   1316.37   1304.62   1240.12   1185.39   1154.75
   1135.96   1102.53   1088.96   1086.21   1077.27   1078.22   1079.15   1061.19   1057.12   1079.93   1105.05   1115.45   1118.33
   1133.44   1171.94   1228.97   1233.94   1157.25   9999.90
   9999.90    789.08    821.95    862.60    847.67    793.12    778.08    801.21    809.03    801.49    822.78    855.69    848.28
    847.86    884.60    920.20    940.64    986.66   1078.20   1179.87   1255.97   1315.01   1322.24   1278.97   1242.33   1237.87
   1238.21   1210.02   1169.57   1159.76   1137.99   1096.14   1066.05   1042.10   1018.06   1021.22   1074.02   1142.18   1168.14
   1142.28   1099.86   1050.34    976.26    934.15   9999.90
   9999.90    836.24    786.48    786.07    845.72    850.74    818.97    872.01    910.51    821.67    725.49    755.74    844.65
    870.97    877.57    920.66    963.01    984.77   1024.67   1121.50   1238.48   1320.17   1346.03   1318.67   1301.93   1327.87
   1331.49   1290.55   1251.36   1197.32   1115.08   1063.25   1052.22   1046.58   1024.49   1019.44   1062.54   1096.57   1065.92
    980.95    879.90    835.51    854.13    882.67   9999.90
   9999.90    783.35    742.91    738.82    753.25    747.47    746.10    809.24    900.09    973.32    936.08    754.69    728.31
    862.79    877.06    843.76    892.86    969.74   1023.89   1098.03   1212.55   1306.15   1329.95   1339.14   1368.29   1384.31
   1346.13   1290.20   1231.23   1157.08   1082.20   1027.73   1006.85    983.55    967.58    996.85   1034.48    999.33    919.05
    856.52    854.88    896.61    927.30    914.74   9999.90
   9999.90    795.42    760.81    721.29    732.17    779.00    749.41    702.48    730.59    797.52    888.40    864.01    770.58
    815.65    896.37    866.74    817.96    844.71    945.49   1062.89   1171.51   1259.87   1298.85   1331.37   1362.44   1344.70
   1289.39   1243.25   1196.97   1117.42   1054.48   1006.42    971.60    943.11    928.10    951.25    936.96    908.33    907.43
    941.70    976.68    937.51    839.68    830.85   9999.90
   9999.90    820.93    778.82    753.18    744.17    769.39    786.70    748.55    710.29    704.91    722.79    778.21    848.12
    879.83    823.63    748.73    724.04    767.61    864.25    988.36   1104.00   1208.03   1258.46   1309.21   1313.78   1281.61
   1259.73   1229.22   1206.21   1125.55   1046.20   1012.99   1014.93    999.95    970.43    959.22    935.74    931.50    949.80
    936.89    909.03    858.29    854.98    926.14   9999.90
   9999.90    836.60    804.15    770.23    755.22    751.56    780.98    796.15    780.37    748.17    707.84    676.72    695.66
    810.06    902.83    839.62    728.07    672.71    709.79    851.42    992.35   1102.01   1204.58   1260.36   1271.81   1285.17
   1257.03   1209.39   1202.88   1156.98   1076.03   1027.31   1023.77   1026.32   1015.90    964.62    936.92    948.25    919.09
    877.09    882.32    903.85    908.10    959.48   9999.90
   9999.90    844.54    828.83    809.37    761.94    720.22    745.82    793.75    800.12    808.32    775.77    710.68    674.78
    680.96    725.95    737.49    692.23    698.59    683.87    703.22    849.33    986.75   1069.87   1156.98   1262.96   1274.48
   1244.15   1208.70   1222.94   1189.25   1085.83    974.24    970.89    994.69   1026.58    962.88    868.88    907.81   1009.99
    940.47    825.92    795.91    808.95    874.80   9999.90
   9999.90    890.61    839.70    825.13    794.67    717.66    720.21    778.02    791.16    790.82    798.00    757.73    712.30
    694.16    667.28    680.62    729.46    729.20    701.13    731.00    794.65    866.45    963.02   1023.60   1100.90   1115.49
   1132.56   1115.77   1033.06   1015.33   1021.89    927.44    894.75    952.60    965.01    854.21    803.15    811.99    848.94
    852.64    820.86    842.86    911.82    932.07   9999.90
   9999.90    888.43    874.38    824.34    807.31    748.21    729.16    798.37    815.93    811.57    816.63    836.51    819.35
    791.86    825.12    840.45    852.95    883.23    928.97    862.16    738.09    666.91    730.51    800.67    795.46    786.41
    840.69    892.92    866.80    914.94    876.52    867.07    852.86    867.77    871.75    842.78    743.61    707.45    762.87
    815.74    858.01    868.50    769.33    598.64   9999.90
   9999.90    791.91    795.04    801.19    784.24    771.27    733.57    808.87    918.26    918.55    867.93    837.78    749.20
    711.84    730.59    745.28    754.53    739.89    760.44    763.74    856.33    894.74    862.81    797.18    785.49    809.18
    821.33    831.36    768.71    744.18    780.08    808.55    781.07    789.07    786.54    805.64    808.59    755.12    698.69
    656.18    608.02    494.42    396.23    332.99   9999.90
   9999.90    614.82    640.88    673.71    713.09    756.79    743.00    851.91    987.00    901.89    764.25    738.41    722.11
    628.43    559.55    468.52    448.00    455.49    516.77    582.75    617.05    581.15    650.29    725.23    729.44    765.95
    810.46    817.62    848.07    870.95    856.02    802.76    784.05    761.74    717.93    641.32    587.99    535.53    483.67
    414.21    343.63    313.31    306.11    295.82   9999.90
   9999.90    391.13    425.07    490.84    576.24    678.56    741.38    845.19    881.47    723.90    696.15    684.10    629.12
    575.20    490.14    402.94    332.49    242.06    205.86    277.74    358.97    404.89    410.63    356.27    377.61    462.06
    465.60    450.35    559.93    745.70    749.41    625.13    572.92    573.34    522.10    447.48    402.17    373.34    356.40
    322.37    284.04    258.43    226.56    224.05   9999.90
   9999.90    231.06    243.57    299.05    379.94    534.30    693.33    773.54    779.70    733.35    722.82    625.01    536.87
    483.75    419.38    349.58    226.18    125.44    111.02    201.96    264.61    294.28    312.91    338.44    324.27    260.99
    215.80    249.47    289.01    318.89    345.90    359.64    368.36    367.50    348.94    330.06    306.61    306.31    273.41
    208.89    152.58    125.65    128.50    130.43   9999.90
   9999.90    137.30    147.85    178.15    220.31    360.40    579.17    707.85    723.83    720.98    647.97    599.26    490.85
    356.58    234.03    188.18    121.80    151.55    180.70    178.78    159.06    181.48    237.08    296.70    311.84    247.96
    210.61    230.05    235.80    227.54    240.66    254.47    229.00    188.97    161.50    159.88    158.05    145.98    129.82
    107.94     80.91     69.00     84.20     88.87   9999.90
   9999.90     60.30     79.51    115.24    139.46    217.18    408.23    642.42    685.02    632.45    617.49    600.42    414.44
    205.09     85.37     78.72    106.86    143.63    127.07    100.68     96.96    104.20    129.21    188.91    228.70    211.41
    197.63    184.49    186.06    183.73    150.35     99.32     68.85     52.83     41.13     42.05     62.53     82.75     77.21
     64.38     61.70     70.53     79.01     84.31   9999.90
   9999.90     37.52     53.61     72.98     97.03    132.50    241.15    482.19    664.02    654.76    600.09    468.36    269.66
     92.83     35.40     68.86    110.17     97.33     68.74     37.77     55.39     73.86     77.94     99.53    122.93    136.34
    129.47    104.56     97.00     71.10     43.65     35.29     24.95     18.77     35.57     63.51     73.38     66.48     65.01
     63.21     64.81     67.79     64.21     64.82   9999.90
   9999.90     40.48     58.86     61.97     63.86     85.86    135.76    249.09    438.54    516.11    410.07    262.85    102.31
     78.59     59.69     63.18     84.14     65.50     29.82     23.14     40.64     37.01     33.66     48.54     64.94     56.01
     45.24     62.41     74.08     56.37     34.29     19.88     19.97     42.97     61.93     65.91     63.76     64.49     68.16
     66.18     60.95     61.79     50.89     46.26   9999.90
   9999.90   9999.90   9999.90   9999.90   9999.90   9999.90   9999.90   9999.90   9999.90   9999.90   9999.90   9999.90   9999.90
   9999.90   9999.90   9999.90   9999.90   9999.90   9999.90   9999.90   9999.90   9999.90   9999.90   9999.90   9999.90   9999.90
   9999.90   9999.90   9999.90   9999.90   9999.90   9999.90   9999.90   9999.90   9999.90   9999.90   9999.90   9999.90   9999.90
   9999.90   9999.90   9999.90   9999.90   9999.90   9999.90
